  [1m[35m (400.1ms)[0m  [1m[35mCREATE DATABASE "blog-geekhub_development" ENCODING = 'unicode'[0m
  [1m[35m (342.8ms)[0m  [1m[35mCREATE DATABASE "blog-geekhub_test" ENCODING = 'unicode'[0m
  [1m[35m (22.2ms)[0m  [1m[35mCREATE TABLE "schema_migrations" ("version" character varying NOT NULL PRIMARY KEY)[0m
  [1m[35m (17.6ms)[0m  [1m[35mCREATE TABLE "ar_internal_metadata" ("key" character varying NOT NULL PRIMARY KEY, "value" character varying, "created_at" timestamp(6) NOT NULL, "updated_at" timestamp(6) NOT NULL)[0m
  [1m[35m (0.6ms)[0m  [1m[34mSELECT pg_try_advisory_lock(1762698264057817380)[0m
  [1m[35m (0.6ms)[0m  [1m[34mSELECT "schema_migrations"."version" FROM "schema_migrations" ORDER BY "schema_migrations"."version" ASC[0m
  [1m[36mActiveRecord::InternalMetadata Load (0.4ms)[0m  [1m[34mSELECT "ar_internal_metadata".* FROM "ar_internal_metadata" WHERE "ar_internal_metadata"."key" = $1 LIMIT $2[0m  [["key", "environment"], ["LIMIT", 1]]
  [1m[35m (0.2ms)[0m  [1m[35mBEGIN[0m
  [1m[36mActiveRecord::InternalMetadata Create (0.5ms)[0m  [1m[32mINSERT INTO "ar_internal_metadata" ("key", "value", "created_at", "updated_at") VALUES ($1, $2, $3, $4) RETURNING "key"[0m  [["key", "environment"], ["value", "development"], ["created_at", "2019-11-09 19:17:24.323967"], ["updated_at", "2019-11-09 19:17:24.323967"]]
  [1m[35m (6.2ms)[0m  [1m[35mCOMMIT[0m
  [1m[35m (0.4ms)[0m  [1m[34mSELECT pg_advisory_unlock(1762698264057817380)[0m
  [1m[35m (0.6ms)[0m  [1m[34mSELECT "schema_migrations"."version" FROM "schema_migrations" ORDER BY "schema_migrations"."version" ASC[0m
  [1m[35m (0.2ms)[0m  [1m[34mSELECT pg_try_advisory_lock(1762698264057817380)[0m
  [1m[35m (0.5ms)[0m  [1m[34mSELECT "schema_migrations"."version" FROM "schema_migrations" ORDER BY "schema_migrations"."version" ASC[0m
Migrating to CreatePosts (20191109191752)
  [1m[35m (0.3ms)[0m  [1m[35mBEGIN[0m
  [1m[35m (16.2ms)[0m  [1m[35mCREATE TABLE "posts" ("id" bigserial primary key, "name" character varying, "title" character varying, "content" text, "created_at" timestamp(6) NOT NULL, "updated_at" timestamp(6) NOT NULL)[0m
  [1m[36mprimary::SchemaMigration Create (0.8ms)[0m  [1m[32mINSERT INTO "schema_migrations" ("version") VALUES ($1) RETURNING "version"[0m  [["version", "20191109191752"]]
  [1m[35m (0.8ms)[0m  [1m[35mCOMMIT[0m
  [1m[36mActiveRecord::InternalMetadata Load (0.4ms)[0m  [1m[34mSELECT "ar_internal_metadata".* FROM "ar_internal_metadata" WHERE "ar_internal_metadata"."key" = $1 LIMIT $2[0m  [["key", "environment"], ["LIMIT", 1]]
  [1m[35m (0.4ms)[0m  [1m[34mSELECT pg_advisory_unlock(1762698264057817380)[0m
  [1m[35m (0.6ms)[0m  [1m[34mSELECT "schema_migrations"."version" FROM "schema_migrations" ORDER BY "schema_migrations"."version" ASC[0m
Started GET "/" for ::1 at 2019-11-09 21:18:23 +0200
  [1m[35m (0.8ms)[0m  [1m[34mSELECT "schema_migrations"."version" FROM "schema_migrations" ORDER BY "schema_migrations"."version" ASC[0m
Processing by Rails::WelcomeController#index as HTML
  Rendering /home/andriy/.rbenv/versions/2.6.3/lib/ruby/gems/2.6.0/gems/railties-6.0.1/lib/rails/templates/rails/welcome/index.html.erb
  Rendered /home/andriy/.rbenv/versions/2.6.3/lib/ruby/gems/2.6.0/gems/railties-6.0.1/lib/rails/templates/rails/welcome/index.html.erb (Duration: 7.6ms | Allocations: 486)
Completed 200 OK in 21ms (Views: 13.8ms | ActiveRecord: 0.0ms | Allocations: 2817)


Started GET "/ds" for ::1 at 2019-11-09 21:20:56 +0200
  
ActionController::RoutingError (No route matches [GET] "/ds"):
  
actionpack (6.0.1) lib/action_dispatch/middleware/debug_exceptions.rb:36:in `call'
web-console (4.0.1) lib/web_console/middleware.rb:132:in `call_app'
web-console (4.0.1) lib/web_console/middleware.rb:28:in `block in call'
web-console (4.0.1) lib/web_console/middleware.rb:17:in `catch'
web-console (4.0.1) lib/web_console/middleware.rb:17:in `call'
actionpack (6.0.1) lib/action_dispatch/middleware/show_exceptions.rb:33:in `call'
railties (6.0.1) lib/rails/rack/logger.rb:38:in `call_app'
railties (6.0.1) lib/rails/rack/logger.rb:26:in `block in call'
activesupport (6.0.1) lib/active_support/tagged_logging.rb:80:in `block in tagged'
activesupport (6.0.1) lib/active_support/tagged_logging.rb:28:in `tagged'
activesupport (6.0.1) lib/active_support/tagged_logging.rb:80:in `tagged'
railties (6.0.1) lib/rails/rack/logger.rb:26:in `call'
sprockets-rails (3.2.1) lib/sprockets/rails/quiet_assets.rb:13:in `call'
actionpack (6.0.1) lib/action_dispatch/middleware/remote_ip.rb:81:in `call'
actionpack (6.0.1) lib/action_dispatch/middleware/request_id.rb:27:in `call'
rack (2.0.7) lib/rack/method_override.rb:22:in `call'
rack (2.0.7) lib/rack/runtime.rb:22:in `call'
activesupport (6.0.1) lib/active_support/cache/strategy/local_cache_middleware.rb:29:in `call'
actionpack (6.0.1) lib/action_dispatch/middleware/executor.rb:14:in `call'
actionpack (6.0.1) lib/action_dispatch/middleware/static.rb:126:in `call'
rack (2.0.7) lib/rack/sendfile.rb:111:in `call'
actionpack (6.0.1) lib/action_dispatch/middleware/host_authorization.rb:83:in `call'
webpacker (4.0.7) lib/webpacker/dev_server_proxy.rb:29:in `perform_request'
rack-proxy (0.6.5) lib/rack/proxy.rb:57:in `call'
railties (6.0.1) lib/rails/engine.rb:526:in `call'
puma (4.3.0) lib/puma/configuration.rb:228:in `call'
puma (4.3.0) lib/puma/server.rb:667:in `handle_request'
puma (4.3.0) lib/puma/server.rb:470:in `process_client'
puma (4.3.0) lib/puma/server.rb:328:in `block in run'
puma (4.3.0) lib/puma/thread_pool.rb:134:in `block in spawn_thread'
Started GET "/" for ::1 at 2019-11-09 21:21:36 +0200
Processing by PostsController#index as HTML
  Rendering posts/index.html.erb within layouts/application
  [1m[36mPost Load (0.8ms)[0m  [1m[34mSELECT "posts".* FROM "posts"[0m
  ↳ app/views/posts/index.html.erb:16
  Rendered posts/index.html.erb within layouts/application (Duration: 6.2ms | Allocations: 1430)
[Webpacker] Compiling…
[Webpacker] Compiled all packs in /home/andriy/Рабочий стол/geekhub/homework/blog-geekhub/public/packs
Completed 200 OK in 3813ms (Views: 3807.4ms | ActiveRecord: 2.6ms | Allocations: 39981)


Started GET "/posts/new" for ::1 at 2019-11-09 21:21:47 +0200
Processing by PostsController#new as HTML
  Rendering posts/new.html.erb within layouts/application
  Rendered posts/_form.html.erb (Duration: 24.7ms | Allocations: 5312)
  Rendered posts/new.html.erb within layouts/application (Duration: 25.6ms | Allocations: 5657)
Completed 200 OK in 42ms (Views: 30.5ms | ActiveRecord: 4.9ms | Allocations: 15640)


Started GET "/posts" for ::1 at 2019-11-09 21:21:49 +0200
Processing by PostsController#index as HTML
  Rendering posts/index.html.erb within layouts/application
  [1m[36mPost Load (0.9ms)[0m  [1m[34mSELECT "posts".* FROM "posts"[0m
  ↳ app/views/posts/index.html.erb:16
  Rendered posts/index.html.erb within layouts/application (Duration: 3.6ms | Allocations: 650)
Completed 200 OK in 14ms (Views: 10.8ms | ActiveRecord: 0.9ms | Allocations: 6914)


